0 info it worked if it ends with ok
1 verbose cli [ 'C:\\Program Files\\nodejs\\node.exe',
1 verbose cli   'C:\\Program Files\\nodejs\\node_modules\\npm\\bin\\npm-cli.js',
1 verbose cli   'run',
1 verbose cli   'server' ]
2 info using npm@3.10.10
3 info using node@v6.10.0
4 verbose run-script [ 'preserver', 'server', 'postserver' ]
5 info lifecycle manager@1.0.0~preserver: manager@1.0.0
6 silly lifecycle manager@1.0.0~preserver: no script for preserver, continuing
7 info lifecycle manager@1.0.0~server: manager@1.0.0
8 verbose lifecycle manager@1.0.0~server: unsafe-perm in lifecycle true
9 verbose lifecycle manager@1.0.0~server: PATH: C:\Program Files\nodejs\node_modules\npm\bin\node-gyp-bin;D:\Develop\WorkDir\studyNotes\src\manager\node_modules\.bin;C:\Program Files (x86)\KOUTON\CloudAppClient1;C:\Program Files (x86)\Kingdee\CloudDepClient;C:\Program Files\Kingdee\CloudDepServer;C:\Program Files (x86)\KOUTON\CTBS Enhanced Client;C:\Program Files (x86)\KOUTON\CloudAppClient;C:\Program Files (x86)\KOUTON\CTBS Enterprise Client;C:\Windows\system32;C:\Windows;C:\Windows\System32\Wbem;C:\Windows\System32\WindowsPowerShell\v1.0\;C:\Program Files (x86)\ATI Technologies\ATI.ACE\Core-Static;C:\Program Files\Git\cmd;C:\Android\javaSDK\bin;C:\Python27;C:\Program Files\nodejs\;C:\Android\cocos2d-x-3.12\templates;C:\Android\cocos2d-x-3.12\tools\cocos2d-console\bin;C:\Android\javaSDK\bin;C:\Program Files (x86)\Microsoft VS Code\bin;C:\Users\Kevin\AppData\Roaming\npm
10 verbose lifecycle manager@1.0.0~server: CWD: D:\Develop\WorkDir\studyNotes\src\manager
11 silly lifecycle manager@1.0.0~server: Args: [ '/d /s /c', 'json-server server/db.json -w' ]
12 verbose stack Error: kill ENOSYS
12 verbose stack     at exports._errnoException (util.js:1022:11)
12 verbose stack     at process.kill (internal/process.js:172:13)
12 verbose stack     at process.listener (C:\Program Files\nodejs\node_modules\npm\node_modules\npmlog\node_modules\gauge\node_modules\signal-exit\index.js:86:15)
12 verbose stack     at emitNone (events.js:91:20)
12 verbose stack     at process.emit (events.js:185:7)
12 verbose stack     at processEmit (C:\Program Files\nodejs\node_modules\npm\node_modules\npmlog\node_modules\gauge\node_modules\signal-exit\index.js:146:32)
12 verbose stack     at processEmit (C:\Program Files\nodejs\node_modules\npm\node_modules\npm-registry-client\node_modules\npmlog\node_modules\gauge\node_modules\signal-exit\index.js:146:32)
12 verbose stack     at Signal.wrap.onsignal (internal/process.js:199:44)
13 verbose cwd D:\Develop\WorkDir\studyNotes\src\manager
14 error Windows_NT 6.1.7601
15 error argv "C:\\Program Files\\nodejs\\node.exe" "C:\\Program Files\\nodejs\\node_modules\\npm\\bin\\npm-cli.js" "run" "server"
16 error node v6.10.0
17 error npm  v3.10.10
18 error code ENOSYS
19 error errno ENOSYS
20 error syscall kill
21 error kill ENOSYS
22 error If you need help, you may report this error at:
22 error     <https://github.com/npm/npm/issues>
23 verbose exit [ 1, true ]
